[2020-05-14 16:21:31,395] INFO org.github.dragos.vscode.Main$ - Starting server in /home/tobi/Documents/Uni_Mainz/HiWi/sturdy-original/sturdy
[2020-05-14 16:21:31,395] INFO org.github.dragos.vscode.Main$ - Starting server in /home/tobi/Documents/Uni_Mainz/HiWi/sturdy-original/sturdy
[2020-05-14 16:21:31,401] INFO org.github.dragos.vscode.Main$ - Classpath: /home/tobi/.vscode/extensions/dragos.scala-lsp-0.2.3/coursier
[2020-05-14 16:21:31,401] INFO org.github.dragos.vscode.Main$ - Classpath: /home/tobi/.vscode/extensions/dragos.scala-lsp-0.2.3/coursier
[2020-05-14 16:21:31,490] DEBUG langserver.core.MessageReader - Received headers:
Content-Length: 1244
[2020-05-14 16:21:31,490] DEBUG langserver.core.MessageReader - Received headers:
Content-Length: 1244
[2020-05-14 16:21:31,501] DEBUG langserver.core.Connection - Received {"jsonrpc":"2.0","id":0,"method":"initialize","params":{"processId":6641,"rootPath":"/home/tobi/Documents/Uni_Mainz/HiWi/sturdy-original/sturdy","rootUri":"file:///home/tobi/Documents/Uni_Mainz/HiWi/sturdy-original/sturdy","capabilities":{"workspace":{"applyEdit":true,"didChangeConfiguration":{"dynamicRegistration":false},"didChangeWatchedFiles":{"dynamicRegistration":false},"symbol":{"dynamicRegistration":true},"executeCommand":{"dynamicRegistration":true}},"textDocument":{"synchronization":{"dynamicRegistration":true,"willSave":true,"willSaveWaitUntil":true,"didSave":true},"completion":{"dynamicRegistration":true,"completionItem":{"snippetSupport":true}},"hover":{"dynamicRegistration":true},"signatureHelp":{"dynamicRegistration":true},"references":{"dynamicRegistration":true},"documentHighlight":{"dynamicRegistration":true},"documentSymbol":{"dynamicRegistration":true},"formatting":{"dynamicRegistration":true},"rangeFormatting":{"dynamicRegistration":true},"onTypeFormatting":{"dynamicRegistration":true},"definition":{"dynamicRegistration":true},"codeAction":{"dynamicRegistration":true},"codeLens":{"dynamicRegistration":true},"documentLink":{"dynamicRegistration":true},"rename":{"dynamicRegistration":true}}},"trace":"off"}}
[2020-05-14 16:21:31,501] DEBUG langserver.core.Connection - Received {"jsonrpc":"2.0","id":0,"method":"initialize","params":{"processId":6641,"rootPath":"/home/tobi/Documents/Uni_Mainz/HiWi/sturdy-original/sturdy","rootUri":"file:///home/tobi/Documents/Uni_Mainz/HiWi/sturdy-original/sturdy","capabilities":{"workspace":{"applyEdit":true,"didChangeConfiguration":{"dynamicRegistration":false},"didChangeWatchedFiles":{"dynamicRegistration":false},"symbol":{"dynamicRegistration":true},"executeCommand":{"dynamicRegistration":true}},"textDocument":{"synchronization":{"dynamicRegistration":true,"willSave":true,"willSaveWaitUntil":true,"didSave":true},"completion":{"dynamicRegistration":true,"completionItem":{"snippetSupport":true}},"hover":{"dynamicRegistration":true},"signatureHelp":{"dynamicRegistration":true},"references":{"dynamicRegistration":true},"documentHighlight":{"dynamicRegistration":true},"documentSymbol":{"dynamicRegistration":true},"formatting":{"dynamicRegistration":true},"rangeFormatting":{"dynamicRegistration":true},"onTypeFormatting":{"dynamicRegistration":true},"definition":{"dynamicRegistration":true},"codeAction":{"dynamicRegistration":true},"codeLens":{"dynamicRegistration":true},"documentLink":{"dynamicRegistration":true},"rename":{"dynamicRegistration":true}}},"trace":"off"}}
[2020-05-14 16:21:31,842] INFO org.github.dragos.vscode.EnsimeLanguageServer - Initialized with 6641, /home/tobi/Documents/Uni_Mainz/HiWi/sturdy-original/sturdy, ClientCapabilities()
[2020-05-14 16:21:31,842] INFO org.github.dragos.vscode.EnsimeLanguageServer - Initialized with 6641, /home/tobi/Documents/Uni_Mainz/HiWi/sturdy-original/sturdy, ClientCapabilities()
[2020-05-14 16:21:31,852] DEBUG org.github.dragos.vscode.EnsimeLanguageServer - ensime.config = "/home/tobi/Documents/Uni_Mainz/HiWi/sturdy-original/sturdy/.ensime" 
[2020-05-14 16:21:31,852] DEBUG org.github.dragos.vscode.EnsimeLanguageServer - ensime.config = "/home/tobi/Documents/Uni_Mainz/HiWi/sturdy-original/sturdy/.ensime" 
[2020-05-14 16:21:32,713] INFO akka.event.slf4j.Slf4jLogger - Slf4jLogger started
[2020-05-14 16:21:32,860] ERROR org.github.dragos.vscode.EnsimeLanguageServer - initializeEnsime Error: /home/tobi/Documents/Uni_Mainz/HiWi/sturdy-original/sturdy/.ensime
[2020-05-14 16:21:32,860] ERROR org.github.dragos.vscode.EnsimeLanguageServer - initializeEnsime Error: /home/tobi/Documents/Uni_Mainz/HiWi/sturdy-original/sturdy/.ensime
[2020-05-14 16:21:32,990] DEBUG langserver.core.MessageWriter - Content-Length: 146



{"jsonrpc":"2.0","method":"window/showMessage","params":{"tpe":1,"message":"No .ensime file in directory. Run `sbt ensimeConfig` to create one."}}
[2020-05-14 16:21:32,990] DEBUG langserver.core.MessageWriter - Content-Length: 146



{"jsonrpc":"2.0","method":"window/showMessage","params":{"tpe":1,"message":"No .ensime file in directory. Run `sbt ensimeConfig` to create one."}}
[2020-05-14 16:21:32,991] DEBUG langserver.core.MessageWriter - payload: {"jsonrpc":"2.0","method":"window/showMessage","params":{"tpe":1,"message":"No .ensime file in directory. Run `sbt ensimeConfig` to create one."}}
[2020-05-14 16:21:32,991] DEBUG langserver.core.MessageWriter - payload: {"jsonrpc":"2.0","method":"window/showMessage","params":{"tpe":1,"message":"No .ensime file in directory. Run `sbt ensimeConfig` to create one."}}
[2020-05-14 16:21:33,111] DEBUG langserver.core.MessageWriter - Content-Length: 441



{"jsonrpc":"2.0","result":{"capabilities":{"textDocumentSync":1,"hoverProvider":true,"completionProvider":{"resolveProvider":false,"triggerCharacters":["."]},"definitionProvider":true,"referencesProvider":false,"documentHighlightProvider":false,"documentSymbolProvider":true,"workspaceSymbolProvider":false,"codeActionProvider":false,"documentFormattingProvider":false,"documentRangeFormattingProvider":false,"renameProvider":false}},"id":0}
[2020-05-14 16:21:33,111] DEBUG langserver.core.MessageWriter - Content-Length: 441



{"jsonrpc":"2.0","result":{"capabilities":{"textDocumentSync":1,"hoverProvider":true,"completionProvider":{"resolveProvider":false,"triggerCharacters":["."]},"definitionProvider":true,"referencesProvider":false,"documentHighlightProvider":false,"documentSymbolProvider":true,"workspaceSymbolProvider":false,"codeActionProvider":false,"documentFormattingProvider":false,"documentRangeFormattingProvider":false,"renameProvider":false}},"id":0}
[2020-05-14 16:21:33,112] DEBUG langserver.core.MessageWriter - payload: {"jsonrpc":"2.0","result":{"capabilities":{"textDocumentSync":1,"hoverProvider":true,"completionProvider":{"resolveProvider":false,"triggerCharacters":["."]},"definitionProvider":true,"referencesProvider":false,"documentHighlightProvider":false,"documentSymbolProvider":true,"workspaceSymbolProvider":false,"codeActionProvider":false,"documentFormattingProvider":false,"documentRangeFormattingProvider":false,"renameProvider":false}},"id":0}
[2020-05-14 16:21:33,112] DEBUG langserver.core.MessageWriter - payload: {"jsonrpc":"2.0","result":{"capabilities":{"textDocumentSync":1,"hoverProvider":true,"completionProvider":{"resolveProvider":false,"triggerCharacters":["."]},"definitionProvider":true,"referencesProvider":false,"documentHighlightProvider":false,"documentSymbolProvider":true,"workspaceSymbolProvider":false,"codeActionProvider":false,"documentFormattingProvider":false,"documentRangeFormattingProvider":false,"renameProvider":false}},"id":0}
[2020-05-14 16:21:33,115] DEBUG langserver.core.MessageReader - Received headers:
Content-Length: 52
[2020-05-14 16:21:33,115] DEBUG langserver.core.MessageReader - Received headers:
Content-Length: 52
[2020-05-14 16:21:33,116] DEBUG langserver.core.Connection - Received {"jsonrpc":"2.0","method":"initialized","params":{}}
[2020-05-14 16:21:33,116] DEBUG langserver.core.Connection - Received {"jsonrpc":"2.0","method":"initialized","params":{}}
[2020-05-14 16:21:33,130] ERROR org.github.dragos.vscode.EnsimeLanguageServer - Unknown notification Initialized()
[2020-05-14 16:21:33,130] ERROR org.github.dragos.vscode.EnsimeLanguageServer - Unknown notification Initialized()
[2020-05-14 17:59:25,477] DEBUG langserver.core.MessageReader - Received headers:
Content-Length: 58
[2020-05-14 17:59:25,477] DEBUG langserver.core.MessageReader - Received headers:
Content-Length: 58
[2020-05-14 17:59:25,477] DEBUG langserver.core.Connection - Received {"jsonrpc":"2.0","id":1,"method":"shutdown","params":null}
[2020-05-14 17:59:25,477] DEBUG langserver.core.Connection - Received {"jsonrpc":"2.0","id":1,"method":"shutdown","params":null}
[2020-05-14 17:59:25,496] DEBUG langserver.core.MessageWriter - Content-Length: 198



{"jsonrpc":"2.0","error":{"code":-32602,"message":"Invalid params","data":{"meaning":"Invalid method parameter(s).","error":{"obj":[{"msg":["command parameters must be given"],"args":[]}]}}},"id":1}
[2020-05-14 17:59:25,496] DEBUG langserver.core.MessageWriter - Content-Length: 198



{"jsonrpc":"2.0","error":{"code":-32602,"message":"Invalid params","data":{"meaning":"Invalid method parameter(s).","error":{"obj":[{"msg":["command parameters must be given"],"args":[]}]}}},"id":1}
[2020-05-14 17:59:25,496] DEBUG langserver.core.MessageWriter - payload: {"jsonrpc":"2.0","error":{"code":-32602,"message":"Invalid params","data":{"meaning":"Invalid method parameter(s).","error":{"obj":[{"msg":["command parameters must be given"],"args":[]}]}}},"id":1}
[2020-05-14 17:59:25,496] DEBUG langserver.core.MessageWriter - payload: {"jsonrpc":"2.0","error":{"code":-32602,"message":"Invalid params","data":{"meaning":"Invalid method parameter(s).","error":{"obj":[{"msg":["command parameters must be given"],"args":[]}]}}},"id":1}
[2020-05-14 17:59:26,489] INFO langserver.core.MessageReader - End of stream, terminating thread
[2020-05-14 17:59:26,489] INFO langserver.core.MessageReader - End of stream, terminating thread
[2020-05-14 17:59:26,489] INFO org.github.dragos.vscode.EnsimeLanguageServer - Shutdown request
[2020-05-14 17:59:26,489] INFO org.github.dragos.vscode.EnsimeLanguageServer - Shutdown request
[2020-05-14 17:59:26,489] INFO org.github.dragos.vscode.EnsimeLanguageServer - Shutting down actor system.
[2020-05-14 17:59:26,489] INFO org.github.dragos.vscode.EnsimeLanguageServer - Shutting down actor system.
[2020-05-14 17:59:26,512] INFO org.github.dragos.vscode.EnsimeLanguageServer - Actor system down.
[2020-05-14 17:59:26,512] INFO org.github.dragos.vscode.EnsimeLanguageServer - Actor system down.
