java.nio.file.NoSuchFileException: /home/tobi/Documents/Uni_Mainz/HiWi/sturdy-original/sturdy/.ensime
	at sun.nio.fs.UnixException.translateToIOException(UnixException.java:86)
	at sun.nio.fs.UnixException.rethrowAsIOException(UnixException.java:102)
	at sun.nio.fs.UnixException.rethrowAsIOException(UnixException.java:107)
	at sun.nio.fs.UnixFileSystemProvider.newByteChannel(UnixFileSystemProvider.java:214)
	at java.nio.file.Files.newByteChannel(Files.java:361)
	at java.nio.file.Files.newByteChannel(Files.java:407)
	at java.nio.file.Files.readAllBytes(Files.java:3152)
	at org.ensime.util.path.package$RichPath$.readBytes$extension(path.scala:40)
	at org.ensime.util.path.package$RichPath$.readString$extension(path.scala:41)
	at org.github.dragos.vscode.EnsimeLanguageServer.$anonfun$initializeEnsime$1(EnsimeLanguageServer.scala:101)
	at scala.util.Try$.apply(Try.scala:209)
	at org.github.dragos.vscode.EnsimeLanguageServer.initializeEnsime(EnsimeLanguageServer.scala:97)
	at org.github.dragos.vscode.EnsimeLanguageServer.initialize(EnsimeLanguageServer.scala:76)
	at langserver.core.LanguageServer.$anonfun$connection$1(LanguageServer.scala:19)
	at langserver.core.Connection.$anonfun$handleCommand$1(Connection.scala:163)
	at scala.concurrent.Future$.$anonfun$apply$1(Future.scala:654)
	at scala.util.Success.$anonfun$map$1(Try.scala:251)
	at scala.util.Success.map(Try.scala:209)
	at scala.concurrent.Future.$anonfun$map$1(Future.scala:288)
	at scala.concurrent.impl.Promise.liftedTree1$1(Promise.scala:29)
	at scala.concurrent.impl.Promise.$anonfun$transform$1(Promise.scala:29)
	at scala.concurrent.impl.CallbackRunnable.run(Promise.scala:60)
	at java.util.concurrent.ThreadPoolExecutor.runWorker(ThreadPoolExecutor.java:1149)
	at java.util.concurrent.ThreadPoolExecutor$Worker.run(ThreadPoolExecutor.java:624)
	at java.lang.Thread.run(Thread.java:748)
